2019-02-15 03:51:27.997  INFO 8120 --- [restartedMain] c.p.P.PoslovnaInformatikaApplication     : Starting PoslovnaInformatikaApplication on DESKTOP-BHIDALC with PID 8120 (C:\Users\sandr\Documents\poslovnainformatika\target\classes started by sandr in C:\Users\sandr\Documents\poslovnainformatika)
2019-02-15 03:51:28.024  INFO 8120 --- [restartedMain] c.p.P.PoslovnaInformatikaApplication     : No active profile set, falling back to default profiles: default
2019-02-15 03:51:28.256  INFO 8120 --- [restartedMain] .e.DevToolsPropertyDefaultsPostProcessor : Devtools property defaults active! Set 'spring.devtools.add-properties' to 'false' to disable
2019-02-15 03:51:28.269  INFO 8120 --- [restartedMain] .e.DevToolsPropertyDefaultsPostProcessor : For additional web related logging consider setting the 'logging.level.web' property to 'DEBUG'
2019-02-15 03:51:36.417  INFO 8120 --- [restartedMain] .s.d.r.c.RepositoryConfigurationDelegate : Bootstrapping Spring Data repositories in DEFAULT mode.
2019-02-15 03:51:36.964  INFO 8120 --- [restartedMain] .s.d.r.c.RepositoryConfigurationDelegate : Finished Spring Data repository scanning in 508ms. Found 19 repository interfaces.
2019-02-15 03:51:38.777  INFO 8120 --- [restartedMain] trationDelegate$BeanPostProcessorChecker : Bean 'org.springframework.transaction.annotation.ProxyTransactionManagementConfiguration' of type [org.springframework.transaction.annotation.ProxyTransactionManagementConfiguration$$EnhancerBySpringCGLIB$$2f7fe8f5] is not eligible for getting processed by all BeanPostProcessors (for example: not eligible for auto-proxying)
2019-02-15 03:51:38.952  INFO 8120 --- [restartedMain] trationDelegate$BeanPostProcessorChecker : Bean 'org.springframework.security.config.annotation.configuration.ObjectPostProcessorConfiguration' of type [org.springframework.security.config.annotation.configuration.ObjectPostProcessorConfiguration$$EnhancerBySpringCGLIB$$c82db12f] is not eligible for getting processed by all BeanPostProcessors (for example: not eligible for auto-proxying)
2019-02-15 03:51:38.980  INFO 8120 --- [restartedMain] trationDelegate$BeanPostProcessorChecker : Bean 'objectPostProcessor' of type [org.springframework.security.config.annotation.configuration.AutowireBeanFactoryObjectPostProcessor] is not eligible for getting processed by all BeanPostProcessors (for example: not eligible for auto-proxying)
2019-02-15 03:51:38.986  INFO 8120 --- [restartedMain] trationDelegate$BeanPostProcessorChecker : Bean 'org.springframework.security.access.expression.method.DefaultMethodSecurityExpressionHandler@52c8e1e1' of type [org.springframework.security.access.expression.method.DefaultMethodSecurityExpressionHandler] is not eligible for getting processed by all BeanPostProcessors (for example: not eligible for auto-proxying)
2019-02-15 03:51:38.989  INFO 8120 --- [restartedMain] trationDelegate$BeanPostProcessorChecker : Bean 'org.springframework.security.config.annotation.method.configuration.GlobalMethodSecurityConfiguration' of type [org.springframework.security.config.annotation.method.configuration.GlobalMethodSecurityConfiguration$$EnhancerBySpringCGLIB$$ed0253e1] is not eligible for getting processed by all BeanPostProcessors (for example: not eligible for auto-proxying)
2019-02-15 03:51:39.005  INFO 8120 --- [restartedMain] trationDelegate$BeanPostProcessorChecker : Bean 'methodSecurityMetadataSource' of type [org.springframework.security.access.method.DelegatingMethodSecurityMetadataSource] is not eligible for getting processed by all BeanPostProcessors (for example: not eligible for auto-proxying)
2019-02-15 03:51:43.112  INFO 8120 --- [restartedMain] o.s.b.w.embedded.tomcat.TomcatWebServer  : Tomcat initialized with port(s): 8081 (https)
2019-02-15 03:51:43.228  INFO 8120 --- [restartedMain] o.apache.catalina.core.StandardService   : Starting service [Tomcat]
2019-02-15 03:51:43.229  INFO 8120 --- [restartedMain] org.apache.catalina.core.StandardEngine  : Starting Servlet Engine: Apache Tomcat/9.0.13
2019-02-15 03:51:43.282  INFO 8120 --- [restartedMain] o.a.catalina.core.AprLifecycleListener   : The APR based Apache Tomcat Native library which allows optimal performance in production environments was not found on the java.library.path: [C:\Program Files\Java\jre1.8.0_151\bin;C:\WINDOWS\Sun\Java\bin;C:\WINDOWS\system32;C:\WINDOWS;C:/Program Files/Java/jre1.8.0_151/bin/server;C:/Program Files/Java/jre1.8.0_151/bin;C:/Program Files/Java/jre1.8.0_151/lib/amd64;C:\Program Files\Microsoft MPI\Bin\;C:\ProgramData\Oracle\Java\javapath;C:\Windows\system32;C:\Windows;C:\Windows\System32\Wbem;C:\Windows\System32\WindowsPowerShell\v1.0\;C:\Program Files (x86)\NVIDIA Corporation\PhysX\Common;C:\Program Files (x86)\Microsoft SQL Server\Client SDK\ODBC\130\Tools\Binn\;C:\Program Files (x86)\Microsoft SQL Server\140\Tools\Binn\;C:\Program Files (x86)\Microsoft SQL Server\140\DTS\Binn\;C:\Program Files (x86)\Microsoft SQL Server\140\Tools\Binn\ManagementStudio\;C:\Program Files\Microsoft SQL Server\140\Tools\Binn\;C:\Program Files\Microsoft SQL Server\140\DTS\Binn\;C:\Program Files\Microsoft SQL Server\Client SDK\ODBC\130\Tools\Binn\;C:\Program Files\Microsoft SQL Server\120\Tools\Binn\;C:\Program Files\Microsoft SQL Server\Client SDK\ODBC\110\Tools\Binn\;C:\Program Files (x86)\Microsoft SQL Server\120\Tools\Binn\;C:\Program Files\Microsoft SQL Server\120\DTS\Binn\;C:\Program Files (x86)\Microsoft SQL Server\120\Tools\Binn\ManagementStudio\;C:\Program Files (x86)\Microsoft SQL Server\120\DTS\Binn\;C:\Program Files\Microsoft SQL Server\130\Tools\Binn\;C:\Program Files\Git\cmd;C:\WINDOWS\system32;C:\WINDOWS;C:\WINDOWS\System32\Wbem;C:\WINDOWS\System32\WindowsPowerShell\v1.0\;C:\WINDOWS\System32\OpenSSH\;C:\Program Files\dotnet\;C:\Ruby23-x64\bin;C:\Users\sandr\AppData\Local\Microsoft\WindowsApps;C:\Users\sandr\AppData\Local\GitHubDesktop\bin;C:\Program Files\Microsoft VS Code\bin;C:\Users\sandr\AppData\Local\Microsoft\WindowsApps;;C:\Users\sandr\Downloads\eclipse-jee-oxygen-1a-win32-x86_64\eclipse;;.]
2019-02-15 03:51:43.989  INFO 8120 --- [restartedMain] o.a.c.c.C.[Tomcat].[localhost].[/]       : Initializing Spring embedded WebApplicationContext
2019-02-15 03:51:43.991  INFO 8120 --- [restartedMain] o.s.web.context.ContextLoader            : Root WebApplicationContext: initialization completed in 15722 ms
2019-02-15 03:51:45.261  INFO 8120 --- [restartedMain] com.zaxxer.hikari.HikariDataSource       : HikariPool-1 - Starting...
2019-02-15 03:51:45.752  INFO 8120 --- [restartedMain] com.zaxxer.hikari.HikariDataSource       : HikariPool-1 - Start completed.
2019-02-15 03:51:51.075 DEBUG 8120 --- [restartedMain] org.hibernate.SQL                        : drop table if exists authority
2019-02-15 03:51:51.161 DEBUG 8120 --- [restartedMain] org.hibernate.SQL                        : drop table if exists cenovnik
2019-02-15 03:51:51.171 DEBUG 8120 --- [restartedMain] org.hibernate.SQL                        : drop table if exists faktura
2019-02-15 03:51:51.183 DEBUG 8120 --- [restartedMain] org.hibernate.SQL                        : drop table if exists grupa_robe
2019-02-15 03:51:51.190 DEBUG 8120 --- [restartedMain] org.hibernate.SQL                        : drop table if exists kupac
2019-02-15 03:51:51.198 DEBUG 8120 --- [restartedMain] org.hibernate.SQL                        : drop table if exists mesto
2019-02-15 03:51:51.280 DEBUG 8120 --- [restartedMain] org.hibernate.SQL                        : drop table if exists narudzbenica
2019-02-15 03:51:51.283 DEBUG 8120 --- [restartedMain] org.hibernate.SQL                        : drop table if exists otpremnica
2019-02-15 03:51:51.286 DEBUG 8120 --- [restartedMain] org.hibernate.SQL                        : drop table if exists pdv
2019-02-15 03:51:51.308 DEBUG 8120 --- [restartedMain] org.hibernate.SQL                        : drop table if exists poslovna_godina
2019-02-15 03:51:51.342 DEBUG 8120 --- [restartedMain] org.hibernate.SQL                        : drop table if exists preduzece
2019-02-15 03:51:51.345 DEBUG 8120 --- [restartedMain] org.hibernate.SQL                        : drop table if exists prevoznik
2019-02-15 03:51:51.446 DEBUG 8120 --- [restartedMain] org.hibernate.SQL                        : drop table if exists roba
2019-02-15 03:51:51.457 DEBUG 8120 --- [restartedMain] org.hibernate.SQL                        : drop table if exists stavka_cenovnika
2019-02-15 03:51:51.463 DEBUG 8120 --- [restartedMain] org.hibernate.SQL                        : drop table if exists stavka_fakture
2019-02-15 03:51:51.472 DEBUG 8120 --- [restartedMain] org.hibernate.SQL                        : drop table if exists stavka_narudzbenice
2019-02-15 03:51:51.480 DEBUG 8120 --- [restartedMain] org.hibernate.SQL                        : drop table if exists stavka_otpremnice
2019-02-15 03:51:51.486 DEBUG 8120 --- [restartedMain] org.hibernate.SQL                        : drop table if exists stopa_pdv
2019-02-15 03:51:51.489 DEBUG 8120 --- [restartedMain] org.hibernate.SQL                        : drop table if exists user_authority
2019-02-15 03:51:51.554 DEBUG 8120 --- [restartedMain] org.hibernate.SQL                        : drop table if exists users
2019-02-15 03:51:51.593 DEBUG 8120 --- [restartedMain] org.hibernate.SQL                        : create table authority (id bigint not null auto_increment, name varchar(255), primary key (id)) engine=MyISAM
2019-02-15 03:51:51.760 DEBUG 8120 --- [restartedMain] org.hibernate.SQL                        : create table cenovnik (cenovnik_id integer not null auto_increment, datum_vazenja date not null, obrisano BOOLEAN DEFAULT FALSE, preduzece_id integer, primary key (cenovnik_id)) engine=MyISAM
2019-02-15 03:51:51.832 DEBUG 8120 --- [restartedMain] org.hibernate.SQL                        : create table faktura (id_fakture integer not null auto_increment, broj_fakture bigint, datum_fakture date, datum_valute date, iznos_za_placanje bigint, obrisano BOOLEAN DEFAULT FALSE, osnovica bigint, status_fakture CHAR(2), ukupan_pdv bigint, kupac_id integer, narudzbenica_rel integer, otpremnica_rel integer, preduzece integer, user_id integer, primary key (id_fakture)) engine=MyISAM
2019-02-15 03:51:51.908 DEBUG 8120 --- [restartedMain] org.hibernate.SQL                        : create table grupa_robe (grupa_robe_id integer not null auto_increment, name varchar(50) not null, obrisano BOOLEAN DEFAULT FALSE, pdv_id integer, preduzece_id integer, primary key (grupa_robe_id)) engine=MyISAM
2019-02-15 03:51:51.989 DEBUG 8120 --- [restartedMain] org.hibernate.SQL                        : create table kupac (kupac_id integer not null auto_increment, adresa varchar(50) not null, name varchar(50) not null, obrisano BOOLEAN DEFAULT FALSE, pib_jmbg bigint not null, mesto_id integer, preduzece_id integer, primary key (kupac_id)) engine=MyISAM
2019-02-15 03:51:52.045 DEBUG 8120 --- [restartedMain] org.hibernate.SQL                        : create table mesto (mesto_id integer not null auto_increment, grad varchar(50) not null, obrisano BOOLEAN DEFAULT FALSE, postanski_broj bigint not null, primary key (mesto_id)) engine=MyISAM
2019-02-15 03:51:52.100 DEBUG 8120 --- [restartedMain] org.hibernate.SQL                        : create table narudzbenica (id_narudzbenice integer not null auto_increment, broj_narudzbenice bigint, datum_isporuke date, datum_izrade date, obrisano BOOLEAN DEFAULT FALSE, placena BOOLEAN DEFAULT FALSE, faktura_rel integer, kupac_id integer, preduzece integer, user_id integer, primary key (id_narudzbenice)) engine=MyISAM
2019-02-15 03:51:52.162 DEBUG 8120 --- [restartedMain] org.hibernate.SQL                        : create table otpremnica (id_otpremnice integer not null auto_increment, broj_otpremnice bigint, datum_isporuke date, datum_otpremnice date, obrisano BOOLEAN DEFAULT FALSE, primljena_roba BOOLEAN DEFAULT FALSE, faktura_rel integer, kupac_id integer, preduzece_id integer, prevoznik_id integer, user_id integer, primary key (id_otpremnice)) engine=MyISAM
2019-02-15 03:51:52.225 DEBUG 8120 --- [restartedMain] org.hibernate.SQL                        : create table pdv (pdv_id integer not null auto_increment, name varchar(50) not null, obrisano BOOLEAN DEFAULT FALSE, primary key (pdv_id)) engine=MyISAM
2019-02-15 03:51:52.304 DEBUG 8120 --- [restartedMain] org.hibernate.SQL                        : create table poslovna_godina (poslovna_godina_id integer not null auto_increment, godina varchar(4) not null, zavrsena BOOLEAN DEFAULT FALSE, primary key (poslovna_godina_id)) engine=MyISAM
2019-02-15 03:51:52.352 DEBUG 8120 --- [restartedMain] org.hibernate.SQL                        : create table preduzece (preduzece_id integer not null auto_increment, adresa varchar(50) not null, email varchar(50) not null, name varchar(50) not null, obrisano BOOLEAN DEFAULT FALSE, pib bigint not null, telefon varchar(50) not null, mesto_id integer, primary key (preduzece_id)) engine=MyISAM
2019-02-15 03:51:52.407 DEBUG 8120 --- [restartedMain] org.hibernate.SQL                        : create table prevoznik (prevoznik_id integer not null auto_increment, name varchar(50) not null, obrisano BOOLEAN DEFAULT FALSE, primary key (prevoznik_id)) engine=MyISAM
2019-02-15 03:51:52.528 DEBUG 8120 --- [restartedMain] org.hibernate.SQL                        : create table roba (roba_id integer not null auto_increment, jedninica_mere varchar(50) not null, name varchar(50) not null, obrisano BOOLEAN DEFAULT FALSE, grupa_robe_id integer, primary key (roba_id)) engine=MyISAM
2019-02-15 03:51:52.606 DEBUG 8120 --- [restartedMain] org.hibernate.SQL                        : create table stavka_cenovnika (stavka_cenovnika_id integer not null auto_increment, cena bigint not null, obrisano BOOLEAN DEFAULT FALSE, cenovnik_id integer, roba_id integer, primary key (stavka_cenovnika_id)) engine=MyISAM
2019-02-15 03:51:52.689 DEBUG 8120 --- [restartedMain] org.hibernate.SQL                        : create table stavka_fakture (id_stavke_fakture integer not null auto_increment, iznos_pdv bigint, iznos_stavke bigint, jedinica_mere VARCHAR(20), jedinicna_cena bigint, kolicina bigint, obrisano BOOLEAN DEFAULT FALSE, osnovica_za_pdv bigint, procenat_pdv bigint, rabat bigint, id_fakture integer, roba_usluga_id integer, primary key (id_stavke_fakture)) engine=MyISAM
2019-02-15 03:51:52.795 DEBUG 8120 --- [restartedMain] org.hibernate.SQL                        : create table stavka_narudzbenice (id_stavke_narudzbenice integer not null auto_increment, jedinica_mere VARCHAR(20), kolicina bigint, naziv VARCHAR(30), obrisano BOOLEAN DEFAULT FALSE, id_narudzbenice integer, primary key (id_stavke_narudzbenice)) engine=MyISAM
2019-02-15 03:51:52.872 DEBUG 8120 --- [restartedMain] org.hibernate.SQL                        : create table stavka_otpremnice (id_stavke_otpremnice integer not null auto_increment, cena bigint, isporucena_kolicina bigint, jedinica_mere VARCHAR(20), napomena VARCHAR(150), naziv VARCHAR(30), obrisano BOOLEAN DEFAULT FALSE, redni_broj INTEGER, id_otpremnice integer, primary key (id_stavke_otpremnice)) engine=MyISAM
2019-02-15 03:51:52.986 DEBUG 8120 --- [restartedMain] org.hibernate.SQL                        : create table stopa_pdv (stopa_pdv_id integer not null auto_increment, datum_vazenja date not null, obrisano BOOLEAN DEFAULT FALSE, procenat integer not null, pdv_id integer, primary key (stopa_pdv_id)) engine=MyISAM
2019-02-15 03:51:53.077 DEBUG 8120 --- [restartedMain] org.hibernate.SQL                        : create table user_authority (user_id integer not null, authority_id bigint not null, primary key (user_id, authority_id)) engine=MyISAM
2019-02-15 03:51:53.154 DEBUG 8120 --- [restartedMain] org.hibernate.SQL                        : create table users (user_id integer not null auto_increment, firstname varchar(30) not null, lastname varchar(30) not null, obrisano BOOLEAN DEFAULT FALSE, user_pasword varchar(255) not null, username varchar(30) not null, preduzece_id integer, primary key (user_id)) engine=MyISAM
2019-02-15 03:51:53.248 DEBUG 8120 --- [restartedMain] org.hibernate.SQL                        : alter table kupac add constraint UK_hjyrdbhtwtgt4yxkloc5lqvba unique (pib_jmbg)
2019-02-15 03:51:53.337 DEBUG 8120 --- [restartedMain] org.hibernate.SQL                        : alter table mesto add constraint UK_n9not64qtrr8b92uqppwhwq68 unique (postanski_broj)
2019-02-15 03:51:53.419 DEBUG 8120 --- [restartedMain] org.hibernate.SQL                        : alter table poslovna_godina add constraint UK_jnmmi1ngyjw256jc9g3f0uu9o unique (godina)
2019-02-15 03:51:53.495 DEBUG 8120 --- [restartedMain] org.hibernate.SQL                        : alter table preduzece add constraint UK_p6ub8wfdy13l8u0bmy9ijyb7r unique (pib)
2019-02-15 03:51:53.615 DEBUG 8120 --- [restartedMain] org.hibernate.SQL                        : alter table users add constraint UK_r43af9ap4edm43mmtq01oddj6 unique (username)
2019-02-15 03:51:53.705 DEBUG 8120 --- [restartedMain] org.hibernate.SQL                        : alter table cenovnik add constraint FKhhv8dteuyfofrno0cns8sdbip foreign key (preduzece_id) references preduzece (preduzece_id)
2019-02-15 03:51:53.765 DEBUG 8120 --- [restartedMain] org.hibernate.SQL                        : alter table faktura add constraint FKannfwd6nxyjmgd7jkb7eci9xw foreign key (kupac_id) references kupac (kupac_id)
2019-02-15 03:51:53.948 DEBUG 8120 --- [restartedMain] org.hibernate.SQL                        : alter table faktura add constraint FK6fpsa3vhnqh7n6bo63i4d675s foreign key (narudzbenica_rel) references narudzbenica (id_narudzbenice)
2019-02-15 03:51:54.032 DEBUG 8120 --- [restartedMain] org.hibernate.SQL                        : alter table faktura add constraint FK6vjglk9lkkxjoltfi4swp7gcy foreign key (otpremnica_rel) references otpremnica (id_otpremnice)
2019-02-15 03:51:54.134 DEBUG 8120 --- [restartedMain] org.hibernate.SQL                        : alter table faktura add constraint FK1a289208aj2axal6i9pc2it0r foreign key (preduzece) references preduzece (preduzece_id)
2019-02-15 03:51:54.205 DEBUG 8120 --- [restartedMain] org.hibernate.SQL                        : alter table faktura add constraint FK5mjkyj822m0weox64ejwvoy4a foreign key (user_id) references users (user_id)
2019-02-15 03:51:54.293 DEBUG 8120 --- [restartedMain] org.hibernate.SQL                        : alter table grupa_robe add constraint FKe6jfr92cb4b5cgyscrk744wc0 foreign key (pdv_id) references pdv (pdv_id)
2019-02-15 03:51:54.351 DEBUG 8120 --- [restartedMain] org.hibernate.SQL                        : alter table grupa_robe add constraint FKktjl2vsg87gd0x8c8qfg9fufs foreign key (preduzece_id) references preduzece (preduzece_id)
2019-02-15 03:51:54.417 DEBUG 8120 --- [restartedMain] org.hibernate.SQL                        : alter table kupac add constraint FKbwp6d5bss54f3vvfgc4f1xgiy foreign key (mesto_id) references mesto (mesto_id)
2019-02-15 03:51:54.481 DEBUG 8120 --- [restartedMain] org.hibernate.SQL                        : alter table kupac add constraint FKlbehj64bl9weuxn3kxeq1oll foreign key (preduzece_id) references preduzece (preduzece_id)
2019-02-15 03:51:54.545 DEBUG 8120 --- [restartedMain] org.hibernate.SQL                        : alter table narudzbenica add constraint FKkv7v1o90cusaw18aob29al7wg foreign key (faktura_rel) references faktura (id_fakture)
2019-02-15 03:51:54.620 DEBUG 8120 --- [restartedMain] org.hibernate.SQL                        : alter table narudzbenica add constraint FK64fgt47hfw3jul3sh7ewxyf5o foreign key (kupac_id) references kupac (kupac_id)
2019-02-15 03:51:54.705 DEBUG 8120 --- [restartedMain] org.hibernate.SQL                        : alter table narudzbenica add constraint FK6munmxqrnry1anay5dsafuslq foreign key (preduzece) references preduzece (preduzece_id)
2019-02-15 03:51:54.778 DEBUG 8120 --- [restartedMain] org.hibernate.SQL                        : alter table narudzbenica add constraint FKrmn2p9nwb9rl0odoejb1kd7i7 foreign key (user_id) references users (user_id)
2019-02-15 03:51:54.852 DEBUG 8120 --- [restartedMain] org.hibernate.SQL                        : alter table otpremnica add constraint FK5i1p65ixt7u579ycbw45cbc2v foreign key (faktura_rel) references faktura (id_fakture)
2019-02-15 03:51:54.910 DEBUG 8120 --- [restartedMain] org.hibernate.SQL                        : alter table otpremnica add constraint FKkock3na7rewhkscijmo166bff foreign key (kupac_id) references kupac (kupac_id)
2019-02-15 03:51:54.997 DEBUG 8120 --- [restartedMain] org.hibernate.SQL                        : alter table otpremnica add constraint FK1hlpbi0og6lmw9bp8w65f1ywo foreign key (preduzece_id) references preduzece (preduzece_id)
2019-02-15 03:51:55.081 DEBUG 8120 --- [restartedMain] org.hibernate.SQL                        : alter table otpremnica add constraint FKctip1xc94u82d8mefc66pwquv foreign key (prevoznik_id) references prevoznik (prevoznik_id)
2019-02-15 03:51:55.172 DEBUG 8120 --- [restartedMain] org.hibernate.SQL                        : alter table otpremnica add constraint FKf0wn1ly9g1xp2ipjlaqnl8acm foreign key (user_id) references users (user_id)
2019-02-15 03:51:55.289 DEBUG 8120 --- [restartedMain] org.hibernate.SQL                        : alter table preduzece add constraint FK17093geaop53qsfm84wjtaajn foreign key (mesto_id) references mesto (mesto_id)
2019-02-15 03:51:55.365 DEBUG 8120 --- [restartedMain] org.hibernate.SQL                        : alter table roba add constraint FKl3xjdfcreofhnuqynffg8p9uy foreign key (grupa_robe_id) references grupa_robe (grupa_robe_id)
2019-02-15 03:51:55.421 DEBUG 8120 --- [restartedMain] org.hibernate.SQL                        : alter table stavka_cenovnika add constraint FK9gdvv08mb3ayrua7i421ylclc foreign key (cenovnik_id) references cenovnik (cenovnik_id)
2019-02-15 03:51:55.486 DEBUG 8120 --- [restartedMain] org.hibernate.SQL                        : alter table stavka_cenovnika add constraint FK2i4j9vl2pf85u33alsgrk91wy foreign key (roba_id) references roba (roba_id)
2019-02-15 03:51:55.579 DEBUG 8120 --- [restartedMain] org.hibernate.SQL                        : alter table stavka_fakture add constraint FKsrev8bpstvqs1oqw2hr8wkdam foreign key (id_fakture) references faktura (id_fakture)
2019-02-15 03:51:55.642 DEBUG 8120 --- [restartedMain] org.hibernate.SQL                        : alter table stavka_fakture add constraint FKl3fu5noyrlnygdb18jfudq6de foreign key (roba_usluga_id) references roba (roba_id)
2019-02-15 03:51:55.708 DEBUG 8120 --- [restartedMain] org.hibernate.SQL                        : alter table stavka_narudzbenice add constraint FKsh8vydkti8eew3f8ga2dd75c9 foreign key (id_narudzbenice) references narudzbenica (id_narudzbenice)
2019-02-15 03:51:55.767 DEBUG 8120 --- [restartedMain] org.hibernate.SQL                        : alter table stavka_otpremnice add constraint FKmibi2jn3h2guwlwcmx4c25vck foreign key (id_otpremnice) references otpremnica (id_otpremnice)
2019-02-15 03:51:55.829 DEBUG 8120 --- [restartedMain] org.hibernate.SQL                        : alter table stopa_pdv add constraint FK8vq956rpnmwtwn0mc4y13km3e foreign key (pdv_id) references pdv (pdv_id)
2019-02-15 03:51:55.915 DEBUG 8120 --- [restartedMain] org.hibernate.SQL                        : alter table user_authority add constraint FKgvxjs381k6f48d5d2yi11uh89 foreign key (authority_id) references authority (id)
2019-02-15 03:51:55.981 DEBUG 8120 --- [restartedMain] org.hibernate.SQL                        : alter table user_authority add constraint FKhi46vu7680y1hwvmnnuh4cybx foreign key (user_id) references users (user_id)
2019-02-15 03:51:56.032 DEBUG 8120 --- [restartedMain] org.hibernate.SQL                        : alter table users add constraint FKhwr0p5ki54gaofu7ty63o1vt3 foreign key (preduzece_id) references preduzece (preduzece_id)
2019-02-15 03:51:56.139 DEBUG 8120 --- [restartedMain] org.hibernate.SQL                        : INSERT INTO `poslovnainformatika`.`faktura` (`id_fakture`, `broj_fakture`, `datum_fakture`, `datum_valute`, `iznos_za_placanje`, `obrisano`, `osnovica`, `status_fakture`, `ukupan_pdv`, `kupac_id`, `narudzbenica_rel`, `otpremnica_rel`, `preduzece`, `user_id`) VALUES ('1', '1', '2019-02-07', '2019-02-01', '500', '0', '50', '01', '15', '1', '1', '1', '1', '1')
2019-02-15 03:51:56.144 DEBUG 8120 --- [restartedMain] org.hibernate.SQL                        : INSERT INTO `poslovnainformatika`.`faktura` (`id_fakture`, `broj_fakture`, `datum_fakture`, `datum_valute`, `iznos_za_placanje`, `obrisano`, `osnovica`, `status_fakture`, `ukupan_pdv`, `kupac_id`, `narudzbenica_rel`, `otpremnica_rel`, `preduzece`, `user_id`) VALUES ('2', '2', '2019-02-05', '2019-02-01', '6000', '0', '600', '01', '18', '2', '2', '2', '2', '2')
2019-02-15 03:51:56.146 DEBUG 8120 --- [restartedMain] org.hibernate.SQL                        : INSERT INTO `poslovnainformatika`.`faktura` (`id_fakture`, `broj_fakture`, `datum_fakture`, `datum_valute`, `iznos_za_placanje`, `obrisano`, `osnovica`, `status_fakture`, `ukupan_pdv`, `kupac_id`, `narudzbenica_rel`, `otpremnica_rel`, `preduzece`, `user_id`) VALUES ('3', '3', '2019-03-05', '2019-03-01', '52324', '0', '6743', '01', '20', '2', '3', '3', '2', '2')
2019-02-15 03:51:56.147 DEBUG 8120 --- [restartedMain] org.hibernate.SQL                        : INSERT INTO `poslovnainformatika`.`cenovnik` (`cenovnik_id`, `datum_vazenja`, `obrisano`, `preduzece_id`) VALUES ('1', '2019-03-01', '0', '1')
2019-02-15 03:51:56.150 DEBUG 8120 --- [restartedMain] org.hibernate.SQL                        : INSERT INTO `poslovnainformatika`.`cenovnik` (`cenovnik_id`, `datum_vazenja`, `obrisano`, `preduzece_id`) VALUES ('2', '2019-03-01', '0', '2')
2019-02-15 03:51:56.151 DEBUG 8120 --- [restartedMain] org.hibernate.SQL                        : INSERT INTO `poslovnainformatika`.`cenovnik` (`cenovnik_id`, `datum_vazenja`, `obrisano`, `preduzece_id`) VALUES ('3', '2019-02-01', '1', '2')
2019-02-15 03:51:56.153 DEBUG 8120 --- [restartedMain] org.hibernate.SQL                        : INSERT INTO `poslovnainformatika`.`preduzece` (`preduzece_id`, `adresa`, `email`, `name`, `obrisano`, `pib`, `telefon`, `mesto_id`) VALUES ('1', 'adresa1', 'email1', 'ime1', '0', '0123', '12312', '1')
2019-02-15 03:51:56.156 DEBUG 8120 --- [restartedMain] org.hibernate.SQL                        : INSERT INTO `poslovnainformatika`.`preduzece` (`preduzece_id`, `adresa`, `email`, `name`, `obrisano`, `pib`, `telefon`, `mesto_id`) VALUES ('2', 'adresa2', 'email2', 'ime2', '0', '12452', '3155', '2')
2019-02-15 03:51:56.159 DEBUG 8120 --- [restartedMain] org.hibernate.SQL                        : INSERT INTO `poslovnainformatika`.`grupa_robe` (`grupa_robe_id`, `name`, `obrisano`, `pdv_id`, `preduzece_id`) VALUES ('1', 'roba1', '0', '1', '1')
2019-02-15 03:51:56.164 DEBUG 8120 --- [restartedMain] org.hibernate.SQL                        : INSERT INTO `poslovnainformatika`.`grupa_robe` (`grupa_robe_id`, `name`, `obrisano`, `pdv_id`, `preduzece_id`) VALUES ('2', 'roba2', '0', '2', '2')
2019-02-15 03:51:56.167 DEBUG 8120 --- [restartedMain] org.hibernate.SQL                        : INSERT INTO `poslovnainformatika`.`grupa_robe` (`grupa_robe_id`, `name`, `obrisano`, `pdv_id`, `preduzece_id`) VALUES ('3', 'roba3', '1', '2', '1')
2019-02-15 03:51:56.169 DEBUG 8120 --- [restartedMain] org.hibernate.SQL                        : INSERT INTO `poslovnainformatika`.`kupac` (`kupac_id`, `adresa`, `name`, `obrisano`, `pib_jmbg`, `mesto_id`, `preduzece_id`) VALUES ('1', 'adresa1', 'ime1', '0', '1234567890123', '1', '1')
2019-02-15 03:51:56.172 DEBUG 8120 --- [restartedMain] org.hibernate.SQL                        : INSERT INTO `poslovnainformatika`.`kupac` (`kupac_id`, `adresa`, `name`, `obrisano`, `pib_jmbg`, `mesto_id`, `preduzece_id`) VALUES ('2', 'adresa2', 'ime2', '0', '0987654321321', '2', '2')
2019-02-15 03:51:56.174 DEBUG 8120 --- [restartedMain] org.hibernate.SQL                        : INSERT INTO `poslovnainformatika`.`kupac` (`kupac_id`, `adresa`, `name`, `obrisano`, `pib_jmbg`, `mesto_id`, `preduzece_id`) VALUES ('3', 'adresa3', 'ime3', '1', '1231231231231', '2', '1')
2019-02-15 03:51:56.176 DEBUG 8120 --- [restartedMain] org.hibernate.SQL                        : INSERT INTO `poslovnainformatika`.`mesto` (`mesto_id`, `grad`, `obrisano`, `postanski_broj`) VALUES ('1', 'Novi Sad', '0', '21101')
2019-02-15 03:51:56.179 DEBUG 8120 --- [restartedMain] org.hibernate.SQL                        : INSERT INTO `poslovnainformatika`.`mesto` (`mesto_id`, `grad`, `obrisano`, `postanski_broj`) VALUES ('2', 'Beograd', '0', '11000')
2019-02-15 03:51:56.180 DEBUG 8120 --- [restartedMain] org.hibernate.SQL                        : INSERT INTO `poslovnainformatika`.`mesto` (`mesto_id`, `grad`, `obrisano`, `postanski_broj`) VALUES ('3', 'Beggorgrad', '1', '11231')
2019-02-15 03:51:56.183 DEBUG 8120 --- [restartedMain] org.hibernate.SQL                        : INSERT INTO `poslovnainformatika`.`otpremnica` (`id_otpremnice`, `broj_otpremnice`, `datum_isporuke`, `datum_otpremnice`, `obrisano`, `primljena_roba`, `faktura_rel`, `kupac_id`, `preduzece_id`, `prevoznik_id`, `user_id`) VALUES ('1', '1', '2019-02-15', '2019-02-08', '0', '0', '1', '1', '1', '1', '1')
2019-02-15 03:51:56.186 DEBUG 8120 --- [restartedMain] org.hibernate.SQL                        : INSERT INTO `poslovnainformatika`.`otpremnica` (`id_otpremnice`, `broj_otpremnice`, `datum_isporuke`, `datum_otpremnice`, `obrisano`, `primljena_roba`, `faktura_rel`, `kupac_id`, `preduzece_id`, `prevoznik_id`, `user_id`) VALUES ('2', '2', '2019-02-22', '2019-02-02', '0', '0', '2', '2', '2', '2', '2')
2019-02-15 03:51:56.187 DEBUG 8120 --- [restartedMain] org.hibernate.SQL                        : INSERT INTO `poslovnainformatika`.`otpremnica` (`id_otpremnice`, `broj_otpremnice`, `datum_isporuke`, `datum_otpremnice`, `obrisano`, `primljena_roba`, `faktura_rel`, `kupac_id`, `preduzece_id`, `prevoznik_id`, `user_id`) VALUES ('3', '3', '2019-02-25', '2019-02-20', '0', '0', '3', '2', '2', '2', '2')
2019-02-15 03:51:56.188 DEBUG 8120 --- [restartedMain] org.hibernate.SQL                        : INSERT INTO `poslovnainformatika`.`narudzbenica` (`id_narudzbenice`, `broj_narudzbenice`, `datum_isporuke`, `datum_izrade`, `obrisano`, `placena`, `faktura_rel`, `kupac_id`, `preduzece`, `user_id`) VALUES ('1', '1', '2019-02-14', '2019-02-12', '0', '0', '1', '1', '1', '1')
2019-02-15 03:51:56.192 DEBUG 8120 --- [restartedMain] org.hibernate.SQL                        : INSERT INTO `poslovnainformatika`.`narudzbenica` (`id_narudzbenice`, `broj_narudzbenice`, `datum_isporuke`, `datum_izrade`, `obrisano`, `placena`, `faktura_rel`, `kupac_id`, `preduzece`, `user_id`) VALUES ('2', '2', '2019-02-22', '2019-02-16', '0', '0', '2', '2', '2', '2')
2019-02-15 03:51:56.193 DEBUG 8120 --- [restartedMain] org.hibernate.SQL                        : INSERT INTO `poslovnainformatika`.`narudzbenica` (`id_narudzbenice`, `broj_narudzbenice`, `datum_isporuke`, `datum_izrade`, `obrisano`, `placena`, `faktura_rel`, `kupac_id`, `preduzece`, `user_id`) VALUES ('3', '3', '2019-03-25', '2019-03-03', '1', '0', '3', '1', '1', '2')
2019-02-15 03:51:56.195 DEBUG 8120 --- [restartedMain] org.hibernate.SQL                        : INSERT INTO `poslovnainformatika`.`pdv` (`pdv_id`, `name`, `obrisano`) VALUES ('1', 'pdv1', '0')
2019-02-15 03:51:56.197 DEBUG 8120 --- [restartedMain] org.hibernate.SQL                        : INSERT INTO `poslovnainformatika`.`pdv` (`pdv_id`, `name`, `obrisano`) VALUES ('2', 'pdv2', '0')
2019-02-15 03:51:56.199 DEBUG 8120 --- [restartedMain] org.hibernate.SQL                        : INSERT INTO `poslovnainformatika`.`pdv` (`pdv_id`, `name`, `obrisano`) VALUES ('3', 'pdv3', '1')
2019-02-15 03:51:56.201 DEBUG 8120 --- [restartedMain] org.hibernate.SQL                        : INSERT INTO `poslovnainformatika`.`poslovna_godina` (`poslovna_godina_id`, `godina`, `zavrsena`) VALUES ('1', '2017', '1')
2019-02-15 03:51:56.204 DEBUG 8120 --- [restartedMain] org.hibernate.SQL                        : INSERT INTO `poslovnainformatika`.`poslovna_godina` (`poslovna_godina_id`, `godina`, `zavrsena`) VALUES ('2', '2018', '1')
2019-02-15 03:51:56.205 DEBUG 8120 --- [restartedMain] org.hibernate.SQL                        : INSERT INTO `poslovnainformatika`.`poslovna_godina` (`poslovna_godina_id`, `godina`, `zavrsena`) VALUES ('3', '2019', '0')
2019-02-15 03:51:56.206 DEBUG 8120 --- [restartedMain] org.hibernate.SQL                        : INSERT INTO `poslovnainformatika`.`prevoznik` (`prevoznik_id`, `name`, `obrisano`) VALUES ('1', 'prevoznik1', '0')
2019-02-15 03:51:56.209 DEBUG 8120 --- [restartedMain] org.hibernate.SQL                        : INSERT INTO `poslovnainformatika`.`prevoznik` (`prevoznik_id`, `name`, `obrisano`) VALUES ('2', 'prevoznik2', '0')
2019-02-15 03:51:56.211 DEBUG 8120 --- [restartedMain] org.hibernate.SQL                        : INSERT INTO `poslovnainformatika`.`prevoznik` (`prevoznik_id`, `name`, `obrisano`) VALUES ('3', 'prevoznik3', '1')
2019-02-15 03:51:56.212 DEBUG 8120 --- [restartedMain] org.hibernate.SQL                        : INSERT INTO `poslovnainformatika`.`roba` (`roba_id`, `jedninica_mere`, `name`, `obrisano`, `grupa_robe_id`) VALUES ('1', 'kg', 'roba1', '0', '1')
2019-02-15 03:51:56.218 DEBUG 8120 --- [restartedMain] org.hibernate.SQL                        : INSERT INTO `poslovnainformatika`.`roba` (`roba_id`, `jedninica_mere`, `name`, `obrisano`, `grupa_robe_id`) VALUES ('2', 'l', 'roba2', '0', '2')
2019-02-15 03:51:56.219 DEBUG 8120 --- [restartedMain] org.hibernate.SQL                        : INSERT INTO `poslovnainformatika`.`roba` (`roba_id`, `jedninica_mere`, `name`, `obrisano`, `grupa_robe_id`) VALUES ('3', 't', 'roba1', '1', '1')
2019-02-15 03:51:56.220 DEBUG 8120 --- [restartedMain] org.hibernate.SQL                        : INSERT INTO `poslovnainformatika`.`stavka_cenovnika` (`stavka_cenovnika_id`, `cena`, `obrisano`, `cenovnik_id`, `roba_id`) VALUES ('1', '500', '0', '1', '1')
2019-02-15 03:51:56.223 DEBUG 8120 --- [restartedMain] org.hibernate.SQL                        : INSERT INTO `poslovnainformatika`.`stavka_cenovnika` (`stavka_cenovnika_id`, `cena`, `obrisano`, `cenovnik_id`, `roba_id`) VALUES ('2', '600', '0', '2', '2')
2019-02-15 03:51:56.224 DEBUG 8120 --- [restartedMain] org.hibernate.SQL                        : INSERT INTO `poslovnainformatika`.`stavka_cenovnika` (`stavka_cenovnika_id`, `cena`, `obrisano`, `cenovnik_id`, `roba_id`) VALUES ('3', '523', '1', '1', '1')
2019-02-15 03:51:56.225 DEBUG 8120 --- [restartedMain] org.hibernate.SQL                        : INSERT INTO `poslovnainformatika`.`stavka_otpremnice` (`id_stavke_otpremnice`, `cena`, `isporucena_kolicina`, `jedinica_mere`, `napomena`, `naziv`, `obrisano`, `redni_broj`, `id_otpremnice`) VALUES ('1', '500', '2', 'kg', 'napomena1', 'stavka1', '0', '1', '1')
2019-02-15 03:51:56.228 DEBUG 8120 --- [restartedMain] org.hibernate.SQL                        : INSERT INTO `poslovnainformatika`.`stavka_otpremnice` (`id_stavke_otpremnice`, `cena`, `isporucena_kolicina`, `jedinica_mere`, `napomena`, `naziv`, `obrisano`, `redni_broj`, `id_otpremnice`) VALUES ('2', '600', '1', 'l', 'napomena2', 'stavka2', '0', '2', '1')
2019-02-15 03:51:56.229 DEBUG 8120 --- [restartedMain] org.hibernate.SQL                        : INSERT INTO `poslovnainformatika`.`stavka_otpremnice` (`id_stavke_otpremnice`, `cena`, `isporucena_kolicina`, `jedinica_mere`, `napomena`, `naziv`, `obrisano`, `redni_broj`, `id_otpremnice`) VALUES ('3', '6005', '3', 'kg', 'napomena3', 'stavka3', '0', '1', '2')
2019-02-15 03:51:56.230 DEBUG 8120 --- [restartedMain] org.hibernate.SQL                        : INSERT INTO `poslovnainformatika`.`stavka_otpremnice` (`id_stavke_otpremnice`, `cena`, `isporucena_kolicina`, `jedinica_mere`, `napomena`, `naziv`, `obrisano`, `redni_broj`, `id_otpremnice`) VALUES ('4', '123', '10', 'l', 'napomena4', 'stavka4', '0', '2', '2')
2019-02-15 03:51:56.232 DEBUG 8120 --- [restartedMain] org.hibernate.SQL                        : INSERT INTO `poslovnainformatika`.`stavka_otpremnice` (`id_stavke_otpremnice`, `cena`, `isporucena_kolicina`, `jedinica_mere`, `napomena`, `naziv`, `obrisano`, `redni_broj`, `id_otpremnice`) VALUES ('5', '55555', '1', 'm', 'napomena5', 'stavka5', '1', '3', '1')
2019-02-15 03:51:56.233 DEBUG 8120 --- [restartedMain] org.hibernate.SQL                        : INSERT INTO `poslovnainformatika`.`stavka_narudzbenice` (`id_stavke_narudzbenice`, `jedinica_mere`, `kolicina`, `naziv`, `obrisano`, `id_narudzbenice`) VALUES ('1', 'kg', '5', 'stavka1', '0', '1')
2019-02-15 03:51:56.235 DEBUG 8120 --- [restartedMain] org.hibernate.SQL                        : INSERT INTO `poslovnainformatika`.`stavka_narudzbenice` (`id_stavke_narudzbenice`, `jedinica_mere`, `kolicina`, `naziv`, `obrisano`, `id_narudzbenice`) VALUES ('2', 'l', '3', 'stavka2', '0', '2')
2019-02-15 03:51:56.236 DEBUG 8120 --- [restartedMain] org.hibernate.SQL                        : INSERT INTO `poslovnainformatika`.`stavka_narudzbenice` (`id_stavke_narudzbenice`, `jedinica_mere`, `kolicina`, `naziv`, `obrisano`, `id_narudzbenice`) VALUES ('3', 'l', '6', 'stavka3', '0', '1')
2019-02-15 03:51:56.237 DEBUG 8120 --- [restartedMain] org.hibernate.SQL                        : INSERT INTO `poslovnainformatika`.`stavka_narudzbenice` (`id_stavke_narudzbenice`, `jedinica_mere`, `kolicina`, `naziv`, `obrisano`, `id_narudzbenice`) VALUES ('4', 'm', '10', 'stavka4', '0', '2')
2019-02-15 03:51:56.238 DEBUG 8120 --- [restartedMain] org.hibernate.SQL                        : INSERT INTO `poslovnainformatika`.`stavka_narudzbenice` (`id_stavke_narudzbenice`, `jedinica_mere`, `kolicina`, `naziv`, `obrisano`, `id_narudzbenice`) VALUES ('5', 't', '1', 'stavka5', '1', '1')
2019-02-15 03:51:56.240 DEBUG 8120 --- [restartedMain] org.hibernate.SQL                        : INSERT INTO `poslovnainformatika`.`stavka_fakture` (`id_stavke_fakture`, `iznos_pdv`, `iznos_stavke`, `jedinica_mere`, `jedinicna_cena`, `kolicina`, `obrisano`, `osnovica_za_pdv`, `procenat_pdv`, `rabat`, `id_fakture`, `roba_usluga_id`) VALUES ('1', '50', '500', 'kg', '45', '11', '0', '12', '5', '50', '1', '1')
2019-02-15 03:51:56.244 DEBUG 8120 --- [restartedMain] org.hibernate.SQL                        : INSERT INTO `poslovnainformatika`.`stavka_fakture` (`id_stavke_fakture`, `iznos_pdv`, `iznos_stavke`, `jedinica_mere`, `jedinicna_cena`, `kolicina`, `obrisano`, `osnovica_za_pdv`, `procenat_pdv`, `rabat`, `id_fakture`, `roba_usluga_id`) VALUES ('2', '60', '600', 'l', '57', '5', '0', '8', '18', '89', '1', '2')
2019-02-15 03:51:56.245 DEBUG 8120 --- [restartedMain] org.hibernate.SQL                        : INSERT INTO `poslovnainformatika`.`stavka_fakture` (`id_stavke_fakture`, `iznos_pdv`, `iznos_stavke`, `jedinica_mere`, `jedinicna_cena`, `kolicina`, `obrisano`, `osnovica_za_pdv`, `procenat_pdv`, `rabat`, `id_fakture`, `roba_usluga_id`) VALUES ('3', '70', '700', 'l', '70', '8', '0', '16', '8', '566', '2', '2')
2019-02-15 03:51:56.246 DEBUG 8120 --- [restartedMain] org.hibernate.SQL                        : INSERT INTO `poslovnainformatika`.`stavka_fakture` (`id_stavke_fakture`, `iznos_pdv`, `iznos_stavke`, `jedinica_mere`, `jedinicna_cena`, `kolicina`, `obrisano`, `osnovica_za_pdv`, `procenat_pdv`, `rabat`, `id_fakture`, `roba_usluga_id`) VALUES ('4', '80', '888', 't', '79', '7', '1', '12', '7', '789', '2', '3')
2019-02-15 03:51:56.248 DEBUG 8120 --- [restartedMain] org.hibernate.SQL                        : INSERT INTO `poslovnainformatika`.`stopa_pdv` (`stopa_pdv_id`, `datum_vazenja`, `obrisano`, `procenat`, `pdv_id`) VALUES ('1', '2019-02-28', '0', '15', '1')
2019-02-15 03:51:56.251 DEBUG 8120 --- [restartedMain] org.hibernate.SQL                        : INSERT INTO `poslovnainformatika`.`stopa_pdv` (`stopa_pdv_id`, `datum_vazenja`, `obrisano`, `procenat`, `pdv_id`) VALUES ('2', '2019-03-30', '0', '20', '2')
2019-02-15 03:51:56.252 DEBUG 8120 --- [restartedMain] org.hibernate.SQL                        : INSERT INTO `poslovnainformatika`.`stopa_pdv` (`stopa_pdv_id`, `datum_vazenja`, `obrisano`, `procenat`, `pdv_id`) VALUES ('3', '2019-02-01', '1', '18', '1')
2019-02-15 03:51:56.253 DEBUG 8120 --- [restartedMain] org.hibernate.SQL                        : INSERT INTO `poslovnainformatika`.`users` (`user_id`, `firstname`, `lastname`, `obrisano`, `user_pasword`, `user_type`, `username`, `preduzece_id`) VALUES ('1', 'ime1', 'prezime1', '0', 'sifra1', 'ADMIN', 'user1', '1')
2019-02-15 03:51:56.323 DEBUG 8120 --- [restartedMain] org.hibernate.SQL                        : INSERT INTO `poslovnainformatika`.`users` (`user_id`, `firstname`, `lastname`, `obrisano`, `user_pasword`, `user_type`, `username`, `preduzece_id`) VALUES ('2', 'ime2', 'prezime2', '0', 'sifra2', 'USER', 'user2', '1')
2019-02-15 03:51:56.324 DEBUG 8120 --- [restartedMain] org.hibernate.SQL                        : INSERT INTO `poslovnainformatika`.`users` (`user_id`, `firstname`, `lastname`, `obrisano`, `user_pasword`, `user_type`, `username`, `preduzece_id`) VALUES ('3', 'ime3', 'prezime3', '0', 'sifra3', 'ADMIN', 'user3', '2')
2019-02-15 03:51:56.326 DEBUG 8120 --- [restartedMain] org.hibernate.SQL                        : INSERT INTO `poslovnainformatika`.`users` (`user_id`, `firstname`, `lastname`, `obrisano`, `user_pasword`, `user_type`, `username`, `preduzece_id`) VALUES ('4', 'ime4', 'prezime4', '0', 'sifra4', 'USER', 'user4', '2')
2019-02-15 03:51:56.327 DEBUG 8120 --- [restartedMain] org.hibernate.SQL                        : INSERT INTO `poslovnainformatika`.`users` (`user_id`, `firstname`, `lastname`, `obrisano`, `user_pasword`, `user_type`, `username`, `preduzece_id`) VALUES ('5', 'ime5', 'prezime5', '1', 'sifra5', 'USER', 'user5', '1')
2019-02-15 03:51:56.331  INFO 8120 --- [restartedMain] j.LocalContainerEntityManagerFactoryBean : Initialized JPA EntityManagerFactory for persistence unit 'default'
2019-02-15 03:51:56.421  INFO 8120 --- [restartedMain] o.s.b.d.a.OptionalLiveReloadServer       : LiveReload server is running on port 35729
2019-02-15 03:52:00.111  INFO 8120 --- [restartedMain] o.s.s.web.DefaultSecurityFilterChain     : Creating filter chain: Ant [pattern='/auth/login', POST], []
2019-02-15 03:52:00.113  INFO 8120 --- [restartedMain] o.s.s.web.DefaultSecurityFilterChain     : Creating filter chain: Ant [pattern='/', GET], []
2019-02-15 03:52:00.114  INFO 8120 --- [restartedMain] o.s.s.web.DefaultSecurityFilterChain     : Creating filter chain: Ant [pattern='/webjars/**', GET], []
2019-02-15 03:52:00.116  INFO 8120 --- [restartedMain] o.s.s.web.DefaultSecurityFilterChain     : Creating filter chain: Ant [pattern='/*.html', GET], []
2019-02-15 03:52:00.116  INFO 8120 --- [restartedMain] o.s.s.web.DefaultSecurityFilterChain     : Creating filter chain: Ant [pattern='/favicon.ico', GET], []
2019-02-15 03:52:00.116  INFO 8120 --- [restartedMain] o.s.s.web.DefaultSecurityFilterChain     : Creating filter chain: Ant [pattern='/**/*.html', GET], []
2019-02-15 03:52:00.117  INFO 8120 --- [restartedMain] o.s.s.web.DefaultSecurityFilterChain     : Creating filter chain: Ant [pattern='/**/*.css', GET], []
2019-02-15 03:52:00.117  INFO 8120 --- [restartedMain] o.s.s.web.DefaultSecurityFilterChain     : Creating filter chain: Ant [pattern='/**/*.js', GET], []
2019-02-15 03:52:00.215  INFO 8120 --- [restartedMain] o.s.s.web.DefaultSecurityFilterChain     : Creating filter chain: any request, [org.springframework.security.web.context.request.async.WebAsyncManagerIntegrationFilter@336ad94, org.springframework.security.web.context.SecurityContextPersistenceFilter@7ee96f9f, org.springframework.security.web.header.HeaderWriterFilter@401fa609, org.springframework.security.web.authentication.logout.LogoutFilter@46f4efed, com.pi.PoslovnaInformatika.security.TokenAuthenticationFilter@347db715, org.springframework.security.web.savedrequest.RequestCacheAwareFilter@2b44d7e4, org.springframework.security.web.servletapi.SecurityContextHolderAwareRequestFilter@5fde67ba, org.springframework.security.web.authentication.AnonymousAuthenticationFilter@2d603e2, org.springframework.security.web.session.SessionManagementFilter@4ee40c5b, org.springframework.security.web.access.ExceptionTranslationFilter@6d11e5d4, org.springframework.security.web.access.intercept.FilterSecurityInterceptor@1107068a]
2019-02-15 03:52:00.820  INFO 8120 --- [restartedMain] o.s.s.concurrent.ThreadPoolTaskExecutor  : Initializing ExecutorService 'applicationTaskExecutor'
2019-02-15 03:52:00.981  WARN 8120 --- [restartedMain] aWebConfiguration$JpaWebMvcConfiguration : spring.jpa.open-in-view is enabled by default. Therefore, database queries may be performed during view rendering. Explicitly configure spring.jpa.open-in-view to disable this warning
2019-02-15 03:52:04.678  INFO 8120 --- [restartedMain] o.s.b.w.embedded.tomcat.TomcatWebServer  : Tomcat started on port(s): 8081 (https) with context path ''
2019-02-15 03:52:04.687  INFO 8120 --- [restartedMain] c.p.P.PoslovnaInformatikaApplication     : Started PoslovnaInformatikaApplication in 39.217 seconds (JVM running for 41.969)
2019-02-15 03:52:27.480  INFO 8120 --- [https-jsse-nio-8081-exec-9] o.a.c.c.C.[Tomcat].[localhost].[/]       : Initializing Spring DispatcherServlet 'dispatcherServlet'
2019-02-15 03:52:27.493  INFO 8120 --- [https-jsse-nio-8081-exec-9] o.s.web.servlet.DispatcherServlet        : Initializing Servlet 'dispatcherServlet'
2019-02-15 03:52:27.523  INFO 8120 --- [https-jsse-nio-8081-exec-9] o.s.web.servlet.DispatcherServlet        : Completed initialization in 27 ms
